Added Parameter Digi-Key Part#= to Part MIKROBUS 1
Added Parameter Digi-Key Part#= to Part MOD1
Added Parameter Digi-Key Part#= to Part P1
Added Parameter Digi-Key Part#= to Part P5
Added Parameter Digi-Key Part#= to Part P6
Added Parameter Digi-Key Part#= to Part P7
Added Parameter Digi-Key Part#= to Part Q1
Added Parameter Digi-Key Part#= to Part Q2
Added Parameter Digi-Key Part#= to Part Q3
Added Parameter Digi-Key Part#= to Part R1
Added Parameter Digi-Key Part#= to Part R2
Added Parameter Digi-Key Part#= to Part R3
Added Parameter Digi-Key Part#= to Part R4
Added Parameter Digi-Key Part#= to Part R7
Added Parameter Digi-Key Part#= to Part R8
Added Parameter Digi-Key Part#= to Part R9
Added Parameter Digi-Key Part#= to Part R10
Added Parameter Manufacturer= to Part MIKROBUS 1
Added Parameter Manufacturer= to Part MOD1
Added Parameter Manufacturer= to Part P1
Added Parameter Manufacturer= to Part P5
Added Parameter Manufacturer= to Part P6
Added Parameter Manufacturer= to Part P7
Added Parameter Manufacturer= to Part Q1
Added Parameter Manufacturer= to Part Q2
Added Parameter Manufacturer= to Part Q3
Added Parameter Manufacturer= to Part R1
Added Parameter Manufacturer= to Part R2
Added Parameter Manufacturer= to Part R3
Added Parameter Manufacturer= to Part R4
Added Parameter Manufacturer= to Part R7
Added Parameter Manufacturer= to Part R8
Added Parameter Manufacturer= to Part R9
Added Parameter Manufacturer= to Part R10
Added Parameter PartNumber= to Part MIKROBUS 1
Added Parameter PartNumber= to Part MOD1
Added Parameter PartNumber= to Part P1
Added Parameter PartNumber= to Part P5
Added Parameter PartNumber= to Part P6
Added Parameter PartNumber= to Part P7
Added Parameter PartNumber= to Part Q1
Added Parameter PartNumber= to Part Q2
Added Parameter PartNumber= to Part Q3
Added Parameter PartNumber= to Part R1
Added Parameter PartNumber= to Part R2
Added Parameter PartNumber= to Part R3
Added Parameter PartNumber= to Part R4
Added Parameter PartNumber= to Part R7
Added Parameter PartNumber= to Part R8
Added Parameter PartNumber= to Part R9
Added Parameter PartNumber= to Part R10
Added Parameter Value= to Part MIKROBUS 1
Added Parameter Value= to Part MOD1
Added Parameter Value= to Part P1
Added Parameter Value= to Part P5
Added Parameter Value= to Part P6
Added Parameter Value= to Part P7
Added Parameter Value= to Part Q1
Added Parameter Value= to Part Q2
Added Parameter Value= to Part Q3
