Change Value of Parameter Digi-Key Part# in Part Q1 Old= New=2N7000-G-ND
Change Value of Parameter Manufacturer in Part Q1 Old= New=Microchip Technology
Change Value of Parameter PartNumber in Part Q1 Old= New=2N7000-G
Change Value of Parameter Digi-Key Part# in Part Q2 Old= New=2N7000-G-ND
Change Value of Parameter Manufacturer in Part Q2 Old= New=Microchip Technology
Change Value of Parameter PartNumber in Part Q2 Old= New=2N7000-G
Change Value of Parameter Digi-Key Part# in Part Q3 Old= New=2N7000-G-ND
Change Value of Parameter Manufacturer in Part Q3 Old= New=Microchip Technology
Change Value of Parameter PartNumber in Part Q3 Old= New=2N7000-G
Change Value of Parameter Digi-Key Part# in Part R1 Old= New=CF18JT10K0CT-ND
Change Value of Parameter Manufacturer in Part R1 Old= New=Stackpole
Change Value of Parameter PartNumber in Part R1 Old= New=CF18JT10K0
Change Value of Parameter Digi-Key Part# in Part R2 Old= New=CF18JT10K0CT-ND
Change Value of Parameter Manufacturer in Part R2 Old= New=Stackpole
Change Value of Parameter PartNumber in Part R2 Old= New=CF18JT10K0
Change Value of Parameter Digi-Key Part# in Part R3 Old= New=CF18JT10K0CT-ND
Change Value of Parameter Manufacturer in Part R3 Old= New=Stackpole
Change Value of Parameter PartNumber in Part R3 Old= New=CF18JT10K0
Change Value of Parameter Digi-Key Part# in Part R4 Old= New=CF18JT10K0CT-ND
Change Value of Parameter Manufacturer in Part R4 Old= New=Stackpole
Change Value of Parameter PartNumber in Part R4 Old= New=CF18JT10K0
Change Value of Parameter Digi-Key Part# in Part R7 Old= New=CF18JT10K0CT-ND
Change Value of Parameter Manufacturer in Part R7 Old= New=Stackpole
Change Value of Parameter PartNumber in Part R7 Old= New=CF18JT10K0
Change Value of Parameter Digi-Key Part# in Part R8 Old= New=CF18JT10K0CT-ND
Change Value of Parameter Manufacturer in Part R8 Old= New=Stackpole
Change Value of Parameter PartNumber in Part R8 Old= New=CF18JT10K0
Change Value of Parameter Digi-Key Part# in Part R9 Old= New=CF18JT10K0CT-ND
Change Value of Parameter Manufacturer in Part R9 Old= New=Stackpole
Change Value of Parameter PartNumber in Part R9 Old= New=CF18JT10K0
Change Value of Parameter Digi-Key Part# in Part R10 Old= New=CF18JT10K0CT-ND
Change Value of Parameter Manufacturer in Part R10 Old= New=Stackpole
Change Value of Parameter PartNumber in Part R10 Old= New=CF18JT10K0
