Removed Parameter LatestRevisionDate:17-Jul-2002 from Part P1
Removed Parameter LatestRevisionDate:17-Jul-2002 from Part P5
Removed Parameter LatestRevisionDate:17-Jul-2002 from Part P6
Removed Parameter LatestRevisionDate:17-Jul-2002 from Part P7
Removed Parameter LatestRevisionDate:17-Jul-2002 from Part Q1
Removed Parameter LatestRevisionDate:17-Jul-2002 from Part Q2
Removed Parameter LatestRevisionDate:17-Jul-2002 from Part Q3
Removed Parameter LatestRevisionDate:29-May-2009 from Part R1
Removed Parameter LatestRevisionDate:29-May-2009 from Part R2
Removed Parameter LatestRevisionDate:29-May-2009 from Part R3
Removed Parameter LatestRevisionDate:29-May-2009 from Part R4
Removed Parameter LatestRevisionDate:29-May-2009 from Part R7
Removed Parameter LatestRevisionDate:29-May-2009 from Part R8
Removed Parameter LatestRevisionDate:29-May-2009 from Part R9
Removed Parameter LatestRevisionDate:29-May-2009 from Part R10
Removed Parameter LatestRevisionNote:IPC-7351 Footprint Added. from Part R1
Removed Parameter LatestRevisionNote:IPC-7351 Footprint Added. from Part R2
Removed Parameter LatestRevisionNote:IPC-7351 Footprint Added. from Part R3
Removed Parameter LatestRevisionNote:IPC-7351 Footprint Added. from Part R4
Removed Parameter LatestRevisionNote:IPC-7351 Footprint Added. from Part R7
Removed Parameter LatestRevisionNote:IPC-7351 Footprint Added. from Part R8
Removed Parameter LatestRevisionNote:IPC-7351 Footprint Added. from Part R9
Removed Parameter LatestRevisionNote:IPC-7351 Footprint Added. from Part R10
Removed Parameter LatestRevisionNote:Re-released for DXP Platform. from Part P1
Removed Parameter LatestRevisionNote:Re-released for DXP Platform. from Part P5
Removed Parameter LatestRevisionNote:Re-released for DXP Platform. from Part P6
Removed Parameter LatestRevisionNote:Re-released for DXP Platform. from Part P7
Removed Parameter LatestRevisionNote:Re-released for DXP Platform. from Part Q1
Removed Parameter LatestRevisionNote:Re-released for DXP Platform. from Part Q2
Removed Parameter LatestRevisionNote:Re-released for DXP Platform. from Part Q3
Removed Parameter PackageDescription:Chip Resistor from Part R1
Removed Parameter PackageDescription:Chip Resistor from Part R2
Removed Parameter PackageDescription:Chip Resistor from Part R3
Removed Parameter PackageDescription:Chip Resistor from Part R4
Removed Parameter PackageDescription:Chip Resistor from Part R7
Removed Parameter PackageDescription:Chip Resistor from Part R8
Removed Parameter PackageDescription:Chip Resistor from Part R9
Removed Parameter PackageDescription:Chip Resistor from Part R10
Removed Parameter PackageDescription:TO, Flat Index; 3 In-Line, Axial Leads; Body Dia. 4.6mm; Lead Dia. 0.5 mm (max) from Part Q1
Removed Parameter PackageDescription:TO, Flat Index; 3 In-Line, Axial Leads; Body Dia. 4.6mm; Lead Dia. 0.5 mm (max) from Part Q2
Removed Parameter PackageDescription:TO, Flat Index; 3 In-Line, Axial Leads; Body Dia. 4.6mm; Lead Dia. 0.5 mm (max) from Part Q3
Removed Parameter PackageReference:E3 from Part Q1
Removed Parameter PackageReference:E3 from Part Q2
Removed Parameter PackageReference:E3 from Part Q3
Removed Parameter PackageReference:J1-0603 from Part R1
Removed Parameter PackageReference:J1-0603 from Part R2
Removed Parameter PackageReference:J1-0603 from Part R3
Removed Parameter PackageReference:J1-0603 from Part R4
Removed Parameter PackageReference:J1-0603 from Part R7
Removed Parameter PackageReference:J1-0603 from Part R8
Removed Parameter PackageReference:J1-0603 from Part R9
Removed Parameter PackageReference:J1-0603 from Part R10
Removed Parameter PackageVersion:1995/1996 from Part Q1
Removed Parameter PackageVersion:1995/1996 from Part Q2
Removed Parameter PackageVersion:1995/1996 from Part Q3
Removed Parameter Published:8-Jun-2000 from Part Q1
Removed Parameter Published:8-Jun-2000 from Part Q2
Removed Parameter Published:8-Jun-2000 from Part Q3
Removed Parameter Published:8-Jun-2000 from Part R1
Removed Parameter Published:8-Jun-2000 from Part R2
Removed Parameter Published:8-Jun-2000 from Part R3
Removed Parameter Published:8-Jun-2000 from Part R4
Removed Parameter Published:8-Jun-2000 from Part R7
Removed Parameter Published:8-Jun-2000 from Part R8
Removed Parameter Published:8-Jun-2000 from Part R9
Removed Parameter Published:8-Jun-2000 from Part R10
Removed Parameter Publisher:Altium Limited from Part P1
Removed Parameter Publisher:Altium Limited from Part P5
Removed Parameter Publisher:Altium Limited from Part P6
Removed Parameter Publisher:Altium Limited from Part P7
Removed Parameter Publisher:Altium Limited from Part Q1
Removed Parameter Publisher:Altium Limited from Part Q2
Removed Parameter Publisher:Altium Limited from Part Q3
Removed Parameter Publisher:Altium Limited from Part R1
Removed Parameter Publisher:Altium Limited from Part R2
Removed Parameter Publisher:Altium Limited from Part R3
Removed Parameter Publisher:Altium Limited from Part R4
Removed Parameter Publisher:Altium Limited from Part R7
Removed Parameter Publisher:Altium Limited from Part R8
Removed Parameter Publisher:Altium Limited from Part R9
Removed Parameter Publisher:Altium Limited from Part R10
