Added Component: Designator=C1(CAPR2.54-4x3.2)
Added Component: Designator=D1(DIODE-0.4)
Added Component: Designator=MIKROBUS 1(MIKROBUS HOST CONN.)
Added Component: Designator=MOD1(HDR1X5)
Added Component: Designator=MOD2(promini)
Added Component: Designator=P1(HDR2X5H)
Added Component: Designator=P2(HDR1X2)
Added Component: Designator=P3(HDR1X6H)
Added Component: Designator=P4(HDR2X3)
Added Component: Designator=P5(HDR2X7)
Added Component: Designator=P6(HDR1X4H)
Added Component: Designator=P7(HDR1X4H)
Added Component: Designator=Q1(2N7000-TO92)
Added Component: Designator=Q2(2N7000-TO92)
Added Component: Designator=Q3(2N7000-TO92)
Added Component: Designator=R1(RES6.5-3.4X1.9)
Added Component: Designator=R2(RES6.5-3.4X1.9)
Added Component: Designator=R3(RES6.5-3.4X1.9)
Added Component: Designator=R4(RES6.5-3.4X1.9)
Added Component: Designator=R5(RES6.5-3.4X1.9)
Added Component: Designator=R6(RES6.5-3.4X1.9)
Added Component: Designator=R7(RES6.5-3.4X1.9)
Added Component: Designator=R8(RES6.5-3.4X1.9)
Added Component: Designator=R9(RES6.5-3.4X1.9)
Added Component: Designator=R10(RES6.5-3.4X1.9)
Added Pin To Net: NetName=3V3 Pin=Q1-2
Added Pin To Net: NetName=3V3 Pin=Q2-2
Added Pin To Net: NetName=3V3 Pin=Q3-2
Added Pin To Net: NetName=3V3 Pin=R1-2
Added Pin To Net: NetName=3V3 Pin=R3-2
Added Pin To Net: NetName=3V3 Pin=R7-2
Added Net: Name=3V3
Added Pin To Net: NetName=5V Pin=R2-1
Added Pin To Net: NetName=5V Pin=R4-1
Added Pin To Net: NetName=5V Pin=R8-1
Added Net: Name=5V
Added Pin To Net: NetName=A1 Pin=MOD2-18
Added Pin To Net: NetName=A1 Pin=P5-5
Added Net: Name=A1
Added Pin To Net: NetName=A2 Pin=MOD2-19
Added Pin To Net: NetName=A2 Pin=P5-7
Added Net: Name=A2
Added Pin To Net: NetName=A3 Pin=MOD2-20
Added Pin To Net: NetName=A3 Pin=P5-9
Added Net: Name=A3
Added Pin To Net: NetName=D2 Pin=MOD2-5
Added Pin To Net: NetName=D2 Pin=P5-3
Added Net: Name=D2
Added Pin To Net: NetName=D3 Pin=MOD2-6
Added Pin To Net: NetName=D3 Pin=P5-11
Added Net: Name=D3
Added Pin To Net: NetName=D4 Pin=MOD2-7
Added Pin To Net: NetName=D4 Pin=P5-4
Added Net: Name=D4
Added Pin To Net: NetName=D5 Pin=MOD2-8
Added Pin To Net: NetName=D5 Pin=P5-6
Added Net: Name=D5
Added Pin To Net: NetName=D6 Pin=MOD2-9
Added Pin To Net: NetName=D6 Pin=P5-8
Added Net: Name=D6
Added Pin To Net: NetName=D7 Pin=MOD2-10
Added Pin To Net: NetName=D7 Pin=P5-10
Added Net: Name=D7
Added Pin To Net: NetName=D8 Pin=MOD2-11
Added Pin To Net: NetName=D8 Pin=P5-12
Added Net: Name=D8
Added Pin To Net: NetName=DIR1 Pin=MOD2-17
Added Pin To Net: NetName=DIR1 Pin=P1-5
Added Pin To Net: NetName=DIR1 Pin=P7-1
Added Pin To Net: NetName=DIR1 Pin=R9-2
Added Net: Name=DIR1
Added Pin To Net: NetName=DTR Pin=C1-1
Added Pin To Net: NetName=DTR Pin=P3-1
Added Net: Name=DTR
Added Pin To Net: NetName=GND Pin=MIKROBUS 1-8
Added Pin To Net: NetName=GND Pin=MIKROBUS 1-9
Added Pin To Net: NetName=GND Pin=MOD1-3
Added Pin To Net: NetName=GND Pin=MOD2-4
Added Pin To Net: NetName=GND Pin=MOD2-23
Added Pin To Net: NetName=GND Pin=P1-9
Added Pin To Net: NetName=GND Pin=P1-10
Added Pin To Net: NetName=GND Pin=P3-6
Added Pin To Net: NetName=GND Pin=P4-6
Added Pin To Net: NetName=GND Pin=P5-13
Added Pin To Net: NetName=GND Pin=P5-14
Added Pin To Net: NetName=GND Pin=P6-4
Added Pin To Net: NetName=GND Pin=P7-2
Added Pin To Net: NetName=GND Pin=P7-4
Added Net: Name=GND
Added Pin To Net: NetName=MISO Pin=MOD2-15
Added Pin To Net: NetName=MISO Pin=P4-1
Added Net: Name=MISO
Added Pin To Net: NetName=MOSI Pin=MOD2-14
Added Pin To Net: NetName=MOSI Pin=P4-4
Added Net: Name=MOSI
Added Pin To Net: NetName=NetC1_2 Pin=C1-2
Added Pin To Net: NetName=NetC1_2 Pin=P2-2
Added Net: Name=NetC1_2
Added Pin To Net: NetName=RST# Pin=MOD2-3
Added Pin To Net: NetName=RST# Pin=MOD2-22
Added Pin To Net: NetName=RST# Pin=P2-1
Added Pin To Net: NetName=RST# Pin=P4-5
Added Net: Name=RST#
Added Pin To Net: NetName=RXD_R Pin=P3-3
Added Pin To Net: NetName=RXD_R Pin=R6-2
Added Net: Name=RXD_R
Added Pin To Net: NetName=RXD Pin=MOD2-2
Added Pin To Net: NetName=RXD Pin=P1-6
Added Pin To Net: NetName=RXD Pin=R6-1
Added Net: Name=RXD
Added Pin To Net: NetName=SCK Pin=MOD2-16
Added Pin To Net: NetName=SCK Pin=P4-3
Added Net: Name=SCK
Added Pin To Net: NetName=SCL_3V3 Pin=MIKROBUS 1-12
Added Pin To Net: NetName=SCL_3V3 Pin=Q1-1
Added Pin To Net: NetName=SCL_3V3 Pin=R1-1
Added Net: Name=SCL_3V3
Added Pin To Net: NetName=SCL_5V Pin=MOD1-4
Added Pin To Net: NetName=SCL_5V Pin=P1-3
Added Pin To Net: NetName=SCL_5V Pin=Q1-3
Added Pin To Net: NetName=SCL_5V Pin=R2-2
Added Net: Name=SCL_5V
Added Pin To Net: NetName=SDA_3V3 Pin=MIKROBUS 1-11
Added Pin To Net: NetName=SDA_3V3 Pin=Q2-1
Added Pin To Net: NetName=SDA_3V3 Pin=R3-1
Added Net: Name=SDA_3V3
Added Pin To Net: NetName=SDA_5V Pin=MOD1-5
Added Pin To Net: NetName=SDA_5V Pin=P1-1
Added Pin To Net: NetName=SDA_5V Pin=Q2-3
Added Pin To Net: NetName=SDA_5V Pin=R4-2
Added Net: Name=SDA_5V
Added Pin To Net: NetName=SPEED1 Pin=MOD2-13
Added Pin To Net: NetName=SPEED1 Pin=P1-7
Added Pin To Net: NetName=SPEED1 Pin=P7-3
Added Pin To Net: NetName=SPEED1 Pin=R10-2
Added Net: Name=SPEED1
Added Pin To Net: NetName=TX23_3V3 Pin=P6-2
Added Pin To Net: NetName=TX23_3V3 Pin=Q3-1
Added Pin To Net: NetName=TX23_3V3 Pin=R7-1
Added Net: Name=TX23_3V3
Added Pin To Net: NetName=TX23_5V Pin=MOD2-12
Added Pin To Net: NetName=TX23_5V Pin=P1-8
Added Pin To Net: NetName=TX23_5V Pin=Q3-3
Added Pin To Net: NetName=TX23_5V Pin=R8-2
Added Net: Name=TX23_5V
Added Pin To Net: NetName=TXD_R Pin=P3-2
Added Pin To Net: NetName=TXD_R Pin=R5-2
Added Net: Name=TXD_R
Added Pin To Net: NetName=TXD Pin=MOD2-1
Added Pin To Net: NetName=TXD Pin=P1-4
Added Pin To Net: NetName=TXD Pin=R5-1
Added Net: Name=TXD
Added Pin To Net: NetName=VBUS Pin=D1-1
Added Pin To Net: NetName=VBUS Pin=P3-4
Added Net: Name=VBUS
Added Pin To Net: NetName=VCC_3V3 Pin=MIKROBUS 1-7
Added Pin To Net: NetName=VCC_3V3 Pin=MOD1-2
Added Pin To Net: NetName=VCC_3V3 Pin=P6-1
Added Net: Name=VCC_3V3
Added Pin To Net: NetName=VCC_5V Pin=D1-2
Added Pin To Net: NetName=VCC_5V Pin=MOD1-1
Added Pin To Net: NetName=VCC_5V Pin=MOD2-21
Added Pin To Net: NetName=VCC_5V Pin=P1-2
Added Pin To Net: NetName=VCC_5V Pin=P4-2
Added Pin To Net: NetName=VCC_5V Pin=P5-1
Added Pin To Net: NetName=VCC_5V Pin=P5-2
Added Pin To Net: NetName=VCC_5V Pin=R9-1
Added Pin To Net: NetName=VCC_5V Pin=R10-1
Added Net: Name=VCC_5V
